0 info it worked if it ends with ok
1 verbose cli [ 'C:\\Program Files\\nodejs\\node.exe',
1 verbose cli   'C:\\Program Files\\nodejs\\node_modules\\npm\\bin\\npm-cli.js',
1 verbose cli   'version',
1 verbose cli   'patch' ]
2 info using npm@3.10.10
3 info using node@v8.4.0
4 info git [ 'status', '--porcelain' ]
5 verbose stack Error: Git working directory not clean.
5 verbose stack M dist/donut-chart.js
5 verbose stack M dist/donut-chart.js.map
5 verbose stack M dist/donut-chart.min.js
5 verbose stack M dist/donut-chart.min.js.map
5 verbose stack M example/donut-chart.html
5 verbose stack M src/donut-chart.js
5 verbose stack     at C:\Users\BX-yangchaojie-PC\AppData\Roaming\nvm\v8.4.0\node_modules\npm\lib\version.js:247:19
5 verbose stack     at C:\Users\BX-yangchaojie-PC\AppData\Roaming\nvm\v8.4.0\node_modules\npm\lib\utils\no-progress-while-running.js:21:8
5 verbose stack     at ChildProcess.exithandler (child_process.js:262:7)
5 verbose stack     at emitTwo (events.js:125:13)
5 verbose stack     at ChildProcess.emit (events.js:213:7)
5 verbose stack     at maybeClose (internal/child_process.js:927:16)
5 verbose stack     at Socket.stream.socket.on (internal/child_process.js:348:11)
5 verbose stack     at emitOne (events.js:115:13)
5 verbose stack     at Socket.emit (events.js:210:7)
5 verbose stack     at Pipe._handle.close [as _onclose] (net.js:545:12)
6 verbose cwd C:\Users\BX-yangchaojie-PC\Desktop\pie
7 error Windows_NT 6.1.7601
8 error argv "C:\\Program Files\\nodejs\\node.exe" "C:\\Program Files\\nodejs\\node_modules\\npm\\bin\\npm-cli.js" "version" "patch"
9 error node v8.4.0
10 error npm  v3.10.10
11 error Git working directory not clean.
11 error M dist/donut-chart.js
11 error M dist/donut-chart.js.map
11 error M dist/donut-chart.min.js
11 error M dist/donut-chart.min.js.map
11 error M example/donut-chart.html
11 error M src/donut-chart.js
12 error If you need help, you may report this error at:
12 error     <https://github.com/npm/npm/issues>
13 verbose exit [ 1, true ]
